Build started 5/25/2015 9:21:05 PM.
     1>Project "C:\Users\Jonathan\Desktop\CheckersAI_Project\CS175_Checkers\CS175_MiniMaxAB\CS175_Team12_NegaMax\CS175_Team12_NegaMax.vcxproj" on node 4 (Rebuild target(s)).
     1>ClCompile:
         C:\Program Files (x86)\Microsoft Visual Studio 12.0\VC\bin\CL.exe /c /Zi /nologo /W3 /WX- /sdl /O2 /Oi /Oy- /GL /D CODE_ANALYSIS /D WIN32 /D _CRT_SECURE_NO_WARNINGS /D NDEBUG /D _WINDOWS /D _USRDLL /D CS175_TEAM12_NEGAMAX_EXPORTS /D _WINDLL /D _UNICODE /D UNICODE /Gm- /EHsc /MD /GS /Gy /fp:precise /Zc:wchar_t /Zc:forScope /Fo"Release\\" /Fd"Release\vc120.pdb" /Gd /TC /analyze /analyze:plugin"C:\Program Files (x86)\Microsoft Visual Studio 12.0\VC\\bin\localespc.dll" /errorReport:prompt   /analyze:quiet CS175_Team12_NegaMax.c
         CS175_Team12_NegaMax.c
       Link:
         C:\Program Files (x86)\Microsoft Visual Studio 12.0\VC\bin\link.exe /ERRORREPORT:PROMPT /OUT:"C:\Users\Jonathan\Desktop\CheckersAI_Project\CS175_Checkers\CS175_MiniMaxAB\Release\CS175_Team12_NegaMax.dll" /INCREMENTAL:NO /NOLOGO kernel32.lib user32.lib gdi32.lib winspool.lib comdlg32.lib advapi32.lib shell32.lib ole32.lib oleaut32.lib uuid.lib odbc32.lib odbccp32.lib /DEF:"CS175_Team12_NegaMax.def" /MANIFEST /MANIFESTUAC:"level='asInvoker' uiAccess='false'" /manifest:embed /DEBUG /PDB:"C:\Users\Jonathan\Desktop\CheckersAI_Project\CS175_Checkers\CS175_MiniMaxAB\Release\CS175_Team12_NegaMax.pdb" /SUBSYSTEM:WINDOWS /OPT:REF /OPT:ICF /LTCG /TLBID:1 /DYNAMICBASE /NXCOMPAT /IMPLIB:"C:\Users\Jonathan\Desktop\CheckersAI_Project\CS175_Checkers\CS175_MiniMaxAB\Release\CS175_Team12_NegaMax.lib" /MACHINE:X86 /SAFESEH /DLL Release\CS175_Team12_NegaMax.obj
            Creating library C:\Users\Jonathan\Desktop\CheckersAI_Project\CS175_Checkers\CS175_MiniMaxAB\Release\CS175_Team12_NegaMax.lib and object C:\Users\Jonathan\Desktop\CheckersAI_Project\CS175_Checkers\CS175_MiniMaxAB\Release\CS175_Team12_NegaMax.exp
         Generating code
     1>LINK : fatal error LNK1257: code generation failed
     1>Done Building Project "C:\Users\Jonathan\Desktop\CheckersAI_Project\CS175_Checkers\CS175_MiniMaxAB\CS175_Team12_NegaMax\CS175_Team12_NegaMax.vcxproj" (Rebuild target(s)) -- FAILED.

Build FAILED.

Time Elapsed 00:00:05.12
